[0414/164110.909:INFO:CONSOLE(153)] "Event handler of 'x-storagemutated-1' event must be added on the initial evaluation of worker script.", source: https://static.whatsapp.net/rsrc.php/v4/yr/r/MzdFvjGReLO.js (153)
[0414/164110.990:INFO:CONSOLE(0)] "Error with Permissions-Policy header: Feature xr-spatial-tracking's parameters are ignored.", source:  (0)
[0414/164110.990:INFO:CONSOLE(0)] "Error with Permissions-Policy header: Origin trial controlled feature not enabled: 'attribution-reporting'.", source:  (0)
[0414/164110.991:INFO:CONSOLE(0)] "Error with Permissions-Policy header: Unrecognized feature: 'compute-pressure'.", source:  (0)
[0414/164110.991:INFO:CONSOLE(0)] "Error with Permissions-Policy header: Origin trial controlled feature not enabled: 'interest-cohort'.", source:  (0)
[0414/164110.992:INFO:CONSOLE(0)] "Error with Permissions-Policy header: Unrecognized feature: 'private-state-token-issuance'.", source:  (0)
[0414/164110.992:INFO:CONSOLE(0)] "Error with Permissions-Policy header: Origin trial controlled feature not enabled: 'shared-storage'.", source:  (0)
[0414/164110.992:INFO:CONSOLE(0)] "Error with Permissions-Policy header: Unrecognized feature: 'shared-storage-select-url'.", source:  (0)
[0414/164110.992:INFO:CONSOLE(0)] "Error with Permissions-Policy header: Unrecognized feature: 'private-state-token-redemption'.", source:  (0)
[0414/164110.992:INFO:CONSOLE(0)] "Error with Permissions-Policy header: Unrecognized feature: 'unload'.", source:  (0)
[0414/164110.992:INFO:CONSOLE(0)] "Error with Permissions-Policy header: Unrecognized feature: 'window-management'.", source:  (0)
[0414/164111.624:WARNING:backend_impl.cc(1816)] Destroying invalid entry.
[0414/164111.626:WARNING:backend_impl.cc(1816)] Destroying invalid entry.
[0414/164111.626:WARNING:backend_impl.cc(1816)] Destroying invalid entry.
[0414/164111.628:WARNING:backend_impl.cc(1816)] Destroying invalid entry.
[0414/164111.641:WARNING:backend_impl.cc(1816)] Destroying invalid entry.
[0414/164111.644:WARNING:backend_impl.cc(1816)] Destroying invalid entry.
[0414/164111.646:WARNING:backend_impl.cc(1816)] Destroying invalid entry.
[0414/164111.869:WARNING:backend_impl.cc(1816)] Destroying invalid entry.
[0414/164113.177:INFO:CONSOLE(153)] "Event handler of 'x-storagemutated-1' event must be added on the initial evaluation of worker script.", source: https://static.whatsapp.net/rsrc.php/v4/yr/r/MzdFvjGReLO.js (153)
